R version 3.1.2 (2014-10-31)
Platform: x86_64-w64-mingw32/x64 (64-bit)

locale:
[1] LC_COLLATE=Chinese (Traditional)_Taiwan.950 
[2] LC_CTYPE=English_United States.1252         
[3] LC_MONETARY=Chinese (Traditional)_Taiwan.950
[4] LC_NUMERIC=C                                
[5] LC_TIME=Chinese (Traditional)_Taiwan.950    

attached base packages:
[1] stats     graphics  grDevices utils     datasets  methods   base     

other attached packages:
[1] data.table_1.9.4 xtable_1.7-4     slidify_0.4.5    ggplot2_1.0.1   
[5] dplyr_0.4.1      magrittr_1.5     knitr_1.8       

loaded via a namespace (and not attached):
 [1] assertthat_0.1   chron_2.3-45     codetools_0.2-9  colorspace_1.2-6
 [5] DBI_0.3.1        digest_0.6.8     evaluate_0.5.5   formatR_1.0     
 [9] grid_3.1.2       gtable_0.1.2     lazyeval_0.1.10  markdown_0.7.4  
[13] MASS_7.3-40      munsell_0.4.2    parallel_3.1.2   plyr_1.8.1      
[17] proto_0.3-10     Rcpp_0.11.5      reshape2_1.4.1   scales_0.2.4    
[21] stringr_0.6.2    tools_3.1.2      whisker_0.3-2    yaml_2.1.13     
